
  .   ____          _            __ _ _
 /\\ / ___'_ __ _ _(_)_ __  __ _ \ \ \ \
( ( )\___ | '_ | '_| | '_ \/ _` | \ \ \ \
 \\/  ___)| |_)| | | | | || (_| |  ) ) ) )
  '  |____| .__|_| |_|_| |_\__, | / / / /
 =========|_|==============|___/=/_/_/_/

 :: Spring Boot ::                (v3.4.0)

2026-05-02T16:03:22.289-05:00  INFO 18948 --- [app ] [           main] com.gymbuddy.app.AppApplication          : Starting AppApplication v0.0.1-SNAPSHOT using Java 25.0.2 with PID 18948 (C:\Users\dankw\OneDrive\Documents\GitHub\Gym-Buddy\app\target\app-0.0.1-SNAPSHOT.jar started by dankw in C:\Users\dankw\OneDrive\Documents\GitHub\Gym-Buddy\app)
2026-05-02T16:03:22.293-05:00  INFO 18948 --- [app ] [           main] com.gymbuddy.app.AppApplication          : No active profile set, falling back to 1 default profile: "default"
2026-05-02T16:03:24.069-05:00  INFO 18948 --- [app ] [           main] .s.d.r.c.RepositoryConfigurationDelegate : Bootstrapping Spring Data JPA repositories in DEFAULT mode.
2026-05-02T16:03:24.334-05:00  INFO 18948 --- [app ] [           main] .s.d.r.c.RepositoryConfigurationDelegate : Finished Spring Data repository scanning in 253 ms. Found 9 JPA repository interfaces.
WARNING: A restricted method in java.lang.System has been called
WARNING: java.lang.System::load has been called by org.apache.tomcat.jni.Library in an unnamed module (jar:nested:/C:/Users/dankw/OneDrive/Documents/GitHub/Gym-Buddy/app/target/app-0.0.1-SNAPSHOT.jar/!BOOT-INF/lib/tomcat-embed-core-10.1.33.jar!/)
WARNING: Use --enable-native-access=ALL-UNNAMED to avoid a warning for callers in this module
WARNING: Restricted methods will be blocked in a future release unless native access is enabled

2026-05-02T16:03:25.607-05:00  INFO 18948 --- [app ] [           main] o.s.b.w.embedded.tomcat.TomcatWebServer  : Tomcat initialized with port 8080 (http)
2026-05-02T16:03:25.630-05:00  INFO 18948 --- [app ] [           main] o.apache.catalina.core.StandardService   : Starting service [Tomcat]
2026-05-02T16:03:25.631-05:00  INFO 18948 --- [app ] [           main] o.apache.catalina.core.StandardEngine    : Starting Servlet engine: [Apache Tomcat/10.1.33]
2026-05-02T16:03:25.695-05:00  INFO 18948 --- [app ] [           main] o.a.c.c.C.[Tomcat].[localhost].[/]       : Initializing Spring embedded WebApplicationContext
2026-05-02T16:03:25.697-05:00  INFO 18948 --- [app ] [           main] w.s.c.ServletWebServerApplicationContext : Root WebApplicationContext: initialization completed in 3348 ms
2026-05-02T16:03:26.787-05:00  INFO 18948 --- [app ] [           main] o.hibernate.jpa.internal.util.LogHelper  : HHH000204: Processing PersistenceUnitInfo [name: default]
2026-05-02T16:03:26.903-05:00  INFO 18948 --- [app ] [           main] org.hibernate.Version                    : HHH000412: Hibernate ORM core version 6.6.2.Final
2026-05-02T16:03:27.032-05:00  INFO 18948 --- [app ] [           main] o.h.c.internal.RegionFactoryInitiator    : HHH000026: Second-level cache disabled
2026-05-02T16:03:28.752-05:00  INFO 18948 --- [app ] [           main] o.s.o.j.p.SpringPersistenceUnitInfo      : No LoadTimeWeaver setup: ignoring JPA class transformer
2026-05-02T16:03:29.082-05:00  INFO 18948 --- [app ] [           main] com.zaxxer.hikari.HikariDataSource       : HikariPool-1 - Starting...
2026-05-02T16:03:29.563-05:00  INFO 18948 --- [app ] [           main] com.zaxxer.hikari.pool.HikariPool        : HikariPool-1 - Added connection org.postgresql.jdbc.PgConnection@112530c3
2026-05-02T16:03:29.570-05:00  INFO 18948 --- [app ] [           main] com.zaxxer.hikari.HikariDataSource       : HikariPool-1 - Start completed.
2026-05-02T16:03:29.623-05:00  WARN 18948 --- [app ] [           main] org.hibernate.orm.deprecation            : HHH90000025: PostgreSQLDialect does not need to be specified explicitly using 'hibernate.dialect' (remove the property setting and it will be selected by default)
2026-05-02T16:03:29.690-05:00  INFO 18948 --- [app ] [           main] org.hibernate.orm.connections.pooling    : HHH10001005: Database info:
	Database JDBC URL [Connecting through datasource 'HikariDataSource (HikariPool-1)']
	Database driver: undefined/unknown
	Database version: 18.3
	Autocommit mode: undefined/unknown
	Isolation level: undefined/unknown
	Minimum pool size: undefined/unknown
	Maximum pool size: undefined/unknown
2026-05-02T16:03:32.019-05:00  INFO 18948 --- [app ] [           main] o.h.e.t.j.p.i.JtaPlatformInitiator       : HHH000489: No JTA platform available (set 'hibernate.transaction.jta.platform' to enable JTA platform integration)
2026-05-02T16:03:32.178-05:00  INFO 18948 --- [app ] [           main] j.LocalContainerEntityManagerFactoryBean : Initialized JPA EntityManagerFactory for persistence unit 'default'
2026-05-02T16:03:32.688-05:00  WARN 18948 --- [app ] [           main] JpaBaseConfiguration$JpaWebConfiguration : spring.jpa.open-in-view is enabled by default. Therefore, database queries may be performed during view rendering. Explicitly configure spring.jpa.open-in-view to disable this warning
2026-05-02T16:03:32.713-05:00  INFO 18948 --- [app ] [           main] r$InitializeUserDetailsManagerConfigurer : Global AuthenticationManager configured with UserDetailsService bean with name customUserDetailsService
2026-05-02T16:03:32.785-05:00  INFO 18948 --- [app ] [           main] o.s.b.a.w.s.WelcomePageHandlerMapping    : Adding welcome page template: index
2026-05-02T16:03:33.038-05:00  INFO 18948 --- [app ] [           main] o.s.b.a.e.web.EndpointLinksResolver      : Exposing 1 endpoint beneath base path '/actuator'
2026-05-02T16:03:33.458-05:00  INFO 18948 --- [app ] [           main] o.s.b.w.embedded.tomcat.TomcatWebServer  : Tomcat started on port 8080 (http) with context path '/'
2026-05-02T16:03:33.470-05:00  INFO 18948 --- [app ] [           main] com.gymbuddy.app.AppApplication          : Started AppApplication in 11.719 seconds (process running for 12.122)
ExerciseLoader: Checking if exercises need to be loaded...
2026-05-02T16:03:33.577-05:00  INFO 18948 --- [app ] [nio-8080-exec-1] o.a.c.c.C.[Tomcat].[localhost].[/]       : Initializing Spring DispatcherServlet 'dispatcherServlet'
2026-05-02T16:03:33.578-05:00  INFO 18948 --- [app ] [nio-8080-exec-1] o.s.web.servlet.DispatcherServlet        : Initializing Servlet 'dispatcherServlet'
2026-05-02T16:03:33.579-05:00  INFO 18948 --- [app ] [nio-8080-exec-1] o.s.web.servlet.DispatcherServlet        : Completed initialization in 0 ms
Hibernate: select count(*) from exercises e1_0
ExerciseLoader: Current exercise count in DB: 52
ExerciseLoader: Database already has exercises, skipping load
HomeController: Application Name: app 
